<?xml version="1.0" encoding="UTF-8"?>
<!-- Generated by org.testng.reporters.JUnitReportReporter -->
<testsuite name="com.testng.annotations.testcases.TestDriver" tests="2" time="0.025" ignored="1" failures="0" timestamp="08 Feb 2017 07:53:00 GMT" skipped="0" hostname="Saikrishna" errors="0">
  <testcase name="testMethod3" time="0.011" classname="com.testng.annotations.testcases.TestDriver"/>
  <testcase name="testMethod1" time="0.014" classname="com.testng.annotations.testcases.TestDriver"/>
  <testcase name="testMethod2" classname="com.testng.annotations.testcases.TestDriver">
    <skipped/>
  </testcase> <!-- testMethod2 -->
</testsuite> <!-- com.testng.annotations.testcases.TestDriver -->
